2015-11-10 15:26:56 10fc InnoDB: Warning: Using innodb_additional_mem_pool_size is DEPRECATED. This option may be removed in future releases, together with the option innodb_use_sys_malloc and with the InnoDB's internal memory allocator.
2015-11-10 15:26:56 4348 [Note] InnoDB: Using mutexes to ref count buffer pool pages
2015-11-10 15:26:56 4348 [Note] InnoDB: The InnoDB memory heap is disabled
2015-11-10 15:26:56 4348 [Note] InnoDB: Mutexes and rw_locks use Windows interlocked functions
2015-11-10 15:26:56 4348 [Note] InnoDB: Memory barrier is not used
2015-11-10 15:26:56 4348 [Note] InnoDB: Compressed tables use zlib 1.2.3
2015-11-10 15:26:56 4348 [Note] InnoDB: Not using CPU crc32 instructions
2015-11-10 15:26:56 4348 [Note] InnoDB: Initializing buffer pool, size = 16.0M
2015-11-10 15:26:56 4348 [Note] InnoDB: Completed initialization of buffer pool
2015-11-10 15:26:56 4348 [Note] InnoDB: Highest supported file format is Barracuda.
2015-11-10 15:26:57 4348 [Note] InnoDB: 128 rollback segment(s) are active.
2015-11-10 15:26:57 4348 [Note] InnoDB: Waiting for purge to start
2015-11-10 15:26:57 4348 [Note] InnoDB:  Percona XtraDB (http://www.percona.com) 5.6.26-74.0 started; log sequence number 1835027
2015-11-10 15:26:57 6140 [Note] InnoDB: Dumping buffer pool(s) not yet started
2015-11-10 15:26:57 4348 [Note] Plugin 'FEEDBACK' is disabled.
2015-11-10 15:26:57 4348 [Note] Server socket created on IP: '::'.
2015-11-10 15:26:57 4348 [Note] Event Scheduler: Loaded 0 events
2015-11-10 15:26:57 4348 [Note] C:\xampp\mysql\bin\mysqld.exe: ready for connections.
Version: '10.1.8-MariaDB'  socket: ''  port: 3306  mariadb.org binary distribution
2015-11-10 15:27:11 5152 [Note] C:\xampp\mysql\bin\mysqld.exe: Normal shutdown

2015-11-10 15:27:11 5152 [Note] Event Scheduler: Purging the queue. 0 events
2015-11-10 15:27:11 5732 [Note] InnoDB: FTS optimize thread exiting.
2015-11-10 15:27:11 5152 [Note] InnoDB: Starting shutdown...
2015-11-10 15:27:13 5152 [Note] InnoDB: Shutdown completed; log sequence number 1835037
2015-11-10 15:27:13 5152 [Note] C:\xampp\mysql\bin\mysqld.exe: Shutdown complete

2018-01-14 00:09:57 1eb8 InnoDB: Warning: Using innodb_additional_mem_pool_size is DEPRECATED. This option may be removed in future releases, together with the option innodb_use_sys_malloc and with the InnoDB's internal memory allocator.
2018-01-14  0:09:57 7864 [Note] InnoDB: innodb_empty_free_list_algorithm has been changed to legacy because of small buffer pool size. In order to use backoff, increase buffer pool at least up to 20MB.

2018-01-14  0:09:57 7864 [Note] InnoDB: Using mutexes to ref count buffer pool pages
2018-01-14  0:09:57 7864 [Note] InnoDB: The InnoDB memory heap is disabled
2018-01-14  0:09:57 7864 [Note] InnoDB: Mutexes and rw_locks use Windows interlocked functions
2018-01-14  0:09:57 7864 [Note] InnoDB: _mm_lfence() and _mm_sfence() are used for memory barrier
2018-01-14  0:09:57 7864 [Note] InnoDB: Compressed tables use zlib 1.2.3
2018-01-14  0:09:57 7864 [Note] InnoDB: Using generic crc32 instructions
2018-01-14  0:09:57 7864 [Note] InnoDB: Initializing buffer pool, size = 16.0M
2018-01-14  0:09:57 7864 [Note] InnoDB: Completed initialization of buffer pool
2018-01-14  0:09:57 7864 [Note] InnoDB: Highest supported file format is Barracuda.
2018-01-14  0:09:57 7864 [Note] InnoDB: 128 rollback segment(s) are active.
2018-01-14  0:09:57 7864 [Note] InnoDB: Waiting for purge to start
2018-01-14  0:09:57 7864 [Note] InnoDB:  Percona XtraDB (http://www.percona.com) 5.6.36-82.2 started; log sequence number 1835037
2018-01-14  0:09:57 9544 [Note] InnoDB: Dumping buffer pool(s) not yet started
2018-01-14  0:09:57 7864 [Note] Plugin 'FEEDBACK' is disabled.
2018-01-14  0:09:57 7864 [Note] Server socket created on IP: '::'.
2018-01-14  0:09:57 7864 [Note] c:\xampp\mysql\bin\mysqld.exe: ready for connections.
Version: '10.1.29-MariaDB'  socket: ''  port: 3306  mariadb.org binary distribution
2018-01-14 00:26:20 15f4 InnoDB: Warning: Using innodb_additional_mem_pool_size is DEPRECATED. This option may be removed in future releases, together with the option innodb_use_sys_malloc and with the InnoDB's internal memory allocator.
2018-01-14  0:26:20 5620 [Note] InnoDB: innodb_empty_free_list_algorithm has been changed to legacy because of small buffer pool size. In order to use backoff, increase buffer pool at least up to 20MB.

2018-01-14  0:26:20 5620 [Note] InnoDB: Using mutexes to ref count buffer pool pages
2018-01-14  0:26:20 5620 [Note] InnoDB: The InnoDB memory heap is disabled
2018-01-14  0:26:20 5620 [Note] InnoDB: Mutexes and rw_locks use Windows interlocked functions
2018-01-14  0:26:20 5620 [Note] InnoDB: _mm_lfence() and _mm_sfence() are used for memory barrier
2018-01-14  0:26:20 5620 [Note] InnoDB: Compressed tables use zlib 1.2.3
2018-01-14  0:26:20 5620 [Note] InnoDB: Using generic crc32 instructions
2018-01-14  0:26:20 5620 [Note] InnoDB: Initializing buffer pool, size = 16.0M
2018-01-14  0:26:20 5620 [Note] InnoDB: Completed initialization of buffer pool
2018-01-14  0:26:20 5620 [Note] InnoDB: Highest supported file format is Barracuda.
2018-01-14  0:26:20 5620 [Note] InnoDB: The log sequence number 1835037 in ibdata file do not match the log sequence number 1835047 in the ib_logfiles!
2018-01-14  0:26:20 5620 [Note] InnoDB: Restoring possible half-written data pages from the doublewrite buffer...
2018-01-14  0:26:20 5620 [Note] InnoDB: 128 rollback segment(s) are active.
2018-01-14  0:26:20 5620 [Note] InnoDB: Waiting for purge to start
2018-01-14  0:26:20 5620 [Note] InnoDB:  Percona XtraDB (http://www.percona.com) 5.6.36-82.2 started; log sequence number 1835047
2018-01-14  0:26:20 1260 [Note] InnoDB: Dumping buffer pool(s) not yet started
2018-01-14  0:26:20 5620 [Note] Plugin 'FEEDBACK' is disabled.
2018-01-14  0:26:20 5620 [Note] Server socket created on IP: '::'.
2018-01-14  0:26:20 5620 [Note] c:\xampp\mysql\bin\mysqld.exe: ready for connections.
Version: '10.1.29-MariaDB'  socket: ''  port: 3306  mariadb.org binary distribution
2018-01-14 18:32:36 34e0 InnoDB: Warning: Using innodb_additional_mem_pool_size is DEPRECATED. This option may be removed in future releases, together with the option innodb_use_sys_malloc and with the InnoDB's internal memory allocator.
2018-01-14 18:32:36 13536 [Note] InnoDB: innodb_empty_free_list_algorithm has been changed to legacy because of small buffer pool size. In order to use backoff, increase buffer pool at least up to 20MB.

2018-01-14 18:32:36 13536 [Note] InnoDB: Using mutexes to ref count buffer pool pages
2018-01-14 18:32:36 13536 [Note] InnoDB: The InnoDB memory heap is disabled
2018-01-14 18:32:36 13536 [Note] InnoDB: Mutexes and rw_locks use Windows interlocked functions
2018-01-14 18:32:36 13536 [Note] InnoDB: _mm_lfence() and _mm_sfence() are used for memory barrier
2018-01-14 18:32:36 13536 [Note] InnoDB: Compressed tables use zlib 1.2.3
2018-01-14 18:32:36 13536 [Note] InnoDB: Using generic crc32 instructions
2018-01-14 18:32:36 13536 [Note] InnoDB: Initializing buffer pool, size = 16.0M
2018-01-14 18:32:36 13536 [Note] InnoDB: Completed initialization of buffer pool
2018-01-14 18:32:36 13536 [Note] InnoDB: Highest supported file format is Barracuda.
2018-01-14 18:32:36 13536 [Note] InnoDB: The log sequence number 1835037 in ibdata file do not match the log sequence number 1835462 in the ib_logfiles!
2018-01-14 18:32:36 13536 [Note] InnoDB: Restoring possible half-written data pages from the doublewrite buffer...
2018-01-14 18:32:37 13536 [Note] InnoDB: 128 rollback segment(s) are active.
2018-01-14 18:32:37 13536 [Note] InnoDB: Waiting for purge to start
2018-01-14 18:32:37 13536 [Note] InnoDB:  Percona XtraDB (http://www.percona.com) 5.6.36-82.2 started; log sequence number 1835462
2018-01-14 18:32:37 9952 [Note] InnoDB: Dumping buffer pool(s) not yet started
2018-01-14 18:32:37 13536 [Note] Plugin 'FEEDBACK' is disabled.
2018-01-14 18:32:37 13536 [Note] Server socket created on IP: '::'.
2018-01-14 18:32:37 13536 [Note] c:\xampp\mysql\bin\mysqld.exe: ready for connections.
Version: '10.1.29-MariaDB'  socket: ''  port: 3306  mariadb.org binary distribution
2018-04-06 18:38:06 4988 InnoDB: Warning: Using innodb_additional_mem_pool_size is DEPRECATED. This option may be removed in future releases, together with the option innodb_use_sys_malloc and with the InnoDB's internal memory allocator.
2018-04-06 18:38:06 18824 [Note] InnoDB: innodb_empty_free_list_algorithm has been changed to legacy because of small buffer pool size. In order to use backoff, increase buffer pool at least up to 20MB.

2018-04-06 18:38:06 18824 [Note] InnoDB: Using mutexes to ref count buffer pool pages
2018-04-06 18:38:06 18824 [Note] InnoDB: The InnoDB memory heap is disabled
2018-04-06 18:38:06 18824 [Note] InnoDB: Mutexes and rw_locks use Windows interlocked functions
2018-04-06 18:38:06 18824 [Note] InnoDB: _mm_lfence() and _mm_sfence() are used for memory barrier
2018-04-06 18:38:06 18824 [Note] InnoDB: Compressed tables use zlib 1.2.3
2018-04-06 18:38:06 18824 [Note] InnoDB: Using generic crc32 instructions
2018-04-06 18:38:06 18824 [Note] InnoDB: Initializing buffer pool, size = 16.0M
2018-04-06 18:38:06 18824 [Note] InnoDB: Completed initialization of buffer pool
2018-04-06 18:38:06 18824 [Note] InnoDB: Highest supported file format is Barracuda.
2018-04-06 18:38:06 18824 [Note] InnoDB: The log sequence number 1835037 in ibdata file do not match the log sequence number 1835472 in the ib_logfiles!
2018-04-06 18:38:06 18824 [Note] InnoDB: Restoring possible half-written data pages from the doublewrite buffer...
2018-04-06 18:38:06 18824 [Note] InnoDB: 128 rollback segment(s) are active.
2018-04-06 18:38:06 18824 [Note] InnoDB: Waiting for purge to start
2018-04-06 18:38:06 18824 [Note] InnoDB:  Percona XtraDB (http://www.percona.com) 5.6.36-82.2 started; log sequence number 1835472
2018-04-06 18:38:06 19260 [Note] InnoDB: Dumping buffer pool(s) not yet started
2018-04-06 18:38:06 18824 [Note] Plugin 'FEEDBACK' is disabled.
2018-04-06 18:38:06 18824 [Note] Server socket created on IP: '::'.
2018-04-06 18:38:06 18824 [Note] c:\xampp\mysql\bin\mysqld.exe: ready for connections.
Version: '10.1.29-MariaDB'  socket: ''  port: 3306  mariadb.org binary distribution
2018-04-08 13:35:52 e48 InnoDB: Warning: Using innodb_additional_mem_pool_size is DEPRECATED. This option may be removed in future releases, together with the option innodb_use_sys_malloc and with the InnoDB's internal memory allocator.
2018-04-08 13:35:52 3656 [Note] InnoDB: innodb_empty_free_list_algorithm has been changed to legacy because of small buffer pool size. In order to use backoff, increase buffer pool at least up to 20MB.

2018-04-08 13:35:52 3656 [Note] InnoDB: Using mutexes to ref count buffer pool pages
2018-04-08 13:35:52 3656 [Note] InnoDB: The InnoDB memory heap is disabled
2018-04-08 13:35:52 3656 [Note] InnoDB: Mutexes and rw_locks use Windows interlocked functions
2018-04-08 13:35:52 3656 [Note] InnoDB: _mm_lfence() and _mm_sfence() are used for memory barrier
2018-04-08 13:35:52 3656 [Note] InnoDB: Compressed tables use zlib 1.2.3
2018-04-08 13:35:52 3656 [Note] InnoDB: Using generic crc32 instructions
2018-04-08 13:35:52 3656 [Note] InnoDB: Initializing buffer pool, size = 16.0M
2018-04-08 13:35:52 3656 [Note] InnoDB: Completed initialization of buffer pool
2018-04-08 13:35:52 3656 [Note] InnoDB: Highest supported file format is Barracuda.
2018-04-08 13:35:52 3656 [Note] InnoDB: The log sequence number 1835037 in ibdata file do not match the log sequence number 1835482 in the ib_logfiles!
2018-04-08 13:35:52 3656 [Note] InnoDB: Restoring possible half-written data pages from the doublewrite buffer...
2018-04-08 13:35:52 3656 [Note] InnoDB: 128 rollback segment(s) are active.
2018-04-08 13:35:52 3656 [Note] InnoDB: Waiting for purge to start
2018-04-08 13:35:52 3656 [Note] InnoDB:  Percona XtraDB (http://www.percona.com) 5.6.36-82.2 started; log sequence number 1835482
2018-04-08 13:35:52 11272 [Note] InnoDB: Dumping buffer pool(s) not yet started
2018-04-08 13:35:52 3656 [Note] Plugin 'FEEDBACK' is disabled.
2018-04-08 13:35:52 3656 [Note] Server socket created on IP: '::'.
2018-04-08 13:35:53 3656 [Note] c:\xampp\mysql\bin\mysqld.exe: ready for connections.
Version: '10.1.29-MariaDB'  socket: ''  port: 3306  mariadb.org binary distribution
2018-04-11 00:04:37 2d88 InnoDB: Warning: Using innodb_additional_mem_pool_size is DEPRECATED. This option may be removed in future releases, together with the option innodb_use_sys_malloc and with the InnoDB's internal memory allocator.
2018-04-11  0:04:37 11656 [Note] InnoDB: innodb_empty_free_list_algorithm has been changed to legacy because of small buffer pool size. In order to use backoff, increase buffer pool at least up to 20MB.

2018-04-11  0:04:37 11656 [Note] InnoDB: Using mutexes to ref count buffer pool pages
2018-04-11  0:04:37 11656 [Note] InnoDB: The InnoDB memory heap is disabled
2018-04-11  0:04:37 11656 [Note] InnoDB: Mutexes and rw_locks use Windows interlocked functions
2018-04-11  0:04:37 11656 [Note] InnoDB: _mm_lfence() and _mm_sfence() are used for memory barrier
2018-04-11  0:04:37 11656 [Note] InnoDB: Compressed tables use zlib 1.2.3
2018-04-11  0:04:37 11656 [Note] InnoDB: Using generic crc32 instructions
2018-04-11  0:04:37 11656 [Note] InnoDB: Initializing buffer pool, size = 16.0M
2018-04-11  0:04:37 11656 [Note] InnoDB: Completed initialization of buffer pool
2018-04-11  0:04:37 11656 [Note] InnoDB: Highest supported file format is Barracuda.
2018-04-11  0:04:37 11656 [Note] InnoDB: The log sequence number 1835037 in ibdata file do not match the log sequence number 1835492 in the ib_logfiles!
2018-04-11  0:04:37 11656 [Note] InnoDB: Restoring possible half-written data pages from the doublewrite buffer...
2018-04-11  0:04:38 11656 [Note] InnoDB: 128 rollback segment(s) are active.
2018-04-11  0:04:38 11656 [Note] InnoDB: Waiting for purge to start
2018-04-11  0:04:38 11656 [Note] InnoDB:  Percona XtraDB (http://www.percona.com) 5.6.36-82.2 started; log sequence number 1835492
2018-04-11  0:04:38 1576 [Note] InnoDB: Dumping buffer pool(s) not yet started
2018-04-11  0:04:38 11656 [Note] Plugin 'FEEDBACK' is disabled.
2018-04-11  0:04:38 11656 [Note] Server socket created on IP: '::'.
2018-04-11  0:04:38 11656 [Note] c:\xampp\mysql\bin\mysqld.exe: ready for connections.
Version: '10.1.29-MariaDB'  socket: ''  port: 3306  mariadb.org binary distribution
2018-04-18 20:22:09 2820 InnoDB: Warning: Using innodb_additional_mem_pool_size is DEPRECATED. This option may be removed in future releases, together with the option innodb_use_sys_malloc and with the InnoDB's internal memory allocator.
2018-04-18 20:22:09 10272 [Note] InnoDB: innodb_empty_free_list_algorithm has been changed to legacy because of small buffer pool size. In order to use backoff, increase buffer pool at least up to 20MB.

2018-04-18 20:22:09 10272 [Note] InnoDB: Using mutexes to ref count buffer pool pages
2018-04-18 20:22:09 10272 [Note] InnoDB: The InnoDB memory heap is disabled
2018-04-18 20:22:09 10272 [Note] InnoDB: Mutexes and rw_locks use Windows interlocked functions
2018-04-18 20:22:09 10272 [Note] InnoDB: _mm_lfence() and _mm_sfence() are used for memory barrier
2018-04-18 20:22:09 10272 [Note] InnoDB: Compressed tables use zlib 1.2.3
2018-04-18 20:22:09 10272 [Note] InnoDB: Using generic crc32 instructions
2018-04-18 20:22:09 10272 [Note] InnoDB: Initializing buffer pool, size = 16.0M
2018-04-18 20:22:09 10272 [Note] InnoDB: Completed initialization of buffer pool
2018-04-18 20:22:09 10272 [Note] InnoDB: Highest supported file format is Barracuda.
2018-04-18 20:22:09 10272 [Note] InnoDB: The log sequence number 1835037 in ibdata file do not match the log sequence number 1835502 in the ib_logfiles!
2018-04-18 20:22:09 10272 [Note] InnoDB: Restoring possible half-written data pages from the doublewrite buffer...
2018-04-18 20:22:09 10272 [Note] InnoDB: 128 rollback segment(s) are active.
2018-04-18 20:22:09 10272 [Note] InnoDB: Waiting for purge to start
2018-04-18 20:22:09 10272 [Note] InnoDB:  Percona XtraDB (http://www.percona.com) 5.6.36-82.2 started; log sequence number 1835502
2018-04-18 20:22:09 9656 [Note] InnoDB: Dumping buffer pool(s) not yet started
2018-04-18 20:22:09 10272 [Note] Plugin 'FEEDBACK' is disabled.
2018-04-18 20:22:09 10272 [Note] Server socket created on IP: '::'.
2018-04-18 20:22:10 10272 [Note] c:\xampp\mysql\bin\mysqld.exe: ready for connections.
Version: '10.1.29-MariaDB'  socket: ''  port: 3306  mariadb.org binary distribution
2018-04-22 00:07:20 1ffc InnoDB: Warning: Using innodb_additional_mem_pool_size is DEPRECATED. This option may be removed in future releases, together with the option innodb_use_sys_malloc and with the InnoDB's internal memory allocator.
2018-04-22  0:07:20 8188 [Note] InnoDB: innodb_empty_free_list_algorithm has been changed to legacy because of small buffer pool size. In order to use backoff, increase buffer pool at least up to 20MB.

2018-04-22  0:07:20 8188 [Note] InnoDB: Using mutexes to ref count buffer pool pages
2018-04-22  0:07:20 8188 [Note] InnoDB: The InnoDB memory heap is disabled
2018-04-22  0:07:20 8188 [Note] InnoDB: Mutexes and rw_locks use Windows interlocked functions
2018-04-22  0:07:20 8188 [Note] InnoDB: _mm_lfence() and _mm_sfence() are used for memory barrier
2018-04-22  0:07:20 8188 [Note] InnoDB: Compressed tables use zlib 1.2.3
2018-04-22  0:07:20 8188 [Note] InnoDB: Using generic crc32 instructions
2018-04-22  0:07:20 8188 [Note] InnoDB: Initializing buffer pool, size = 16.0M
2018-04-22  0:07:20 8188 [Note] InnoDB: Completed initialization of buffer pool
2018-04-22  0:07:20 8188 [Note] InnoDB: Highest supported file format is Barracuda.
2018-04-22  0:07:20 8188 [Note] InnoDB: The log sequence number 1835037 in ibdata file do not match the log sequence number 1835512 in the ib_logfiles!
2018-04-22  0:07:20 8188 [Note] InnoDB: Restoring possible half-written data pages from the doublewrite buffer...
2018-04-22  0:07:20 8188 [Note] InnoDB: 128 rollback segment(s) are active.
2018-04-22  0:07:20 8188 [Note] InnoDB: Waiting for purge to start
2018-04-22  0:07:21 8188 [Note] InnoDB:  Percona XtraDB (http://www.percona.com) 5.6.36-82.2 started; log sequence number 1835512
2018-04-22  0:07:21 4272 [Note] InnoDB: Dumping buffer pool(s) not yet started
2018-04-22  0:07:21 8188 [Note] Plugin 'FEEDBACK' is disabled.
2018-04-22  0:07:21 8188 [Note] Server socket created on IP: '::'.
2018-04-22  0:07:21 8188 [Note] c:\xampp\mysql\bin\mysqld.exe: ready for connections.
Version: '10.1.29-MariaDB'  socket: ''  port: 3306  mariadb.org binary distribution
2018-04-22 18:52:06 2788 InnoDB: Warning: Using innodb_additional_mem_pool_size is DEPRECATED. This option may be removed in future releases, together with the option innodb_use_sys_malloc and with the InnoDB's internal memory allocator.
2018-04-22 18:52:06 10120 [Note] InnoDB: innodb_empty_free_list_algorithm has been changed to legacy because of small buffer pool size. In order to use backoff, increase buffer pool at least up to 20MB.

2018-04-22 18:52:06 10120 [Note] InnoDB: Using mutexes to ref count buffer pool pages
2018-04-22 18:52:06 10120 [Note] InnoDB: The InnoDB memory heap is disabled
2018-04-22 18:52:06 10120 [Note] InnoDB: Mutexes and rw_locks use Windows interlocked functions
2018-04-22 18:52:06 10120 [Note] InnoDB: _mm_lfence() and _mm_sfence() are used for memory barrier
2018-04-22 18:52:06 10120 [Note] InnoDB: Compressed tables use zlib 1.2.3
2018-04-22 18:52:06 10120 [Note] InnoDB: Using generic crc32 instructions
2018-04-22 18:52:06 10120 [Note] InnoDB: Initializing buffer pool, size = 16.0M
2018-04-22 18:52:06 10120 [Note] InnoDB: Completed initialization of buffer pool
2018-04-22 18:52:06 10120 [Note] InnoDB: Highest supported file format is Barracuda.
2018-04-22 18:52:06 10120 [Note] InnoDB: The log sequence number 1835037 in ibdata file do not match the log sequence number 1835538 in the ib_logfiles!
2018-04-22 18:52:06 10120 [Note] InnoDB: Restoring possible half-written data pages from the doublewrite buffer...
2018-04-22 18:52:06 10120 [Note] InnoDB: 128 rollback segment(s) are active.
2018-04-22 18:52:06 10120 [Note] InnoDB: Waiting for purge to start
2018-04-22 18:52:06 10120 [Note] InnoDB:  Percona XtraDB (http://www.percona.com) 5.6.36-82.2 started; log sequence number 1835538
2018-04-22 18:52:06 4092 [Note] InnoDB: Dumping buffer pool(s) not yet started
2018-04-22 18:52:06 10120 [Note] Plugin 'FEEDBACK' is disabled.
2018-04-22 18:52:06 10120 [Note] Server socket created on IP: '::'.
2018-04-22 18:52:06 10120 [Note] c:\xampp\mysql\bin\mysqld.exe: ready for connections.
Version: '10.1.29-MariaDB'  socket: ''  port: 3306  mariadb.org binary distribution
2018-04-23 14:55:09 1a94 InnoDB: Warning: Using innodb_additional_mem_pool_size is DEPRECATED. This option may be removed in future releases, together with the option innodb_use_sys_malloc and with the InnoDB's internal memory allocator.
2018-04-23 14:55:09 6804 [Note] InnoDB: innodb_empty_free_list_algorithm has been changed to legacy because of small buffer pool size. In order to use backoff, increase buffer pool at least up to 20MB.

2018-04-23 14:55:09 6804 [Note] InnoDB: Using mutexes to ref count buffer pool pages
2018-04-23 14:55:09 6804 [Note] InnoDB: The InnoDB memory heap is disabled
2018-04-23 14:55:09 6804 [Note] InnoDB: Mutexes and rw_locks use Windows interlocked functions
2018-04-23 14:55:09 6804 [Note] InnoDB: _mm_lfence() and _mm_sfence() are used for memory barrier
2018-04-23 14:55:09 6804 [Note] InnoDB: Compressed tables use zlib 1.2.3
2018-04-23 14:55:09 6804 [Note] InnoDB: Using generic crc32 instructions
2018-04-23 14:55:09 6804 [Note] InnoDB: Initializing buffer pool, size = 16.0M
2018-04-23 14:55:09 6804 [Note] InnoDB: Completed initialization of buffer pool
2018-04-23 14:55:09 6804 [Note] InnoDB: Highest supported file format is Barracuda.
2018-04-23 14:55:09 6804 [Note] InnoDB: The log sequence number 1835037 in ibdata file do not match the log sequence number 1835548 in the ib_logfiles!
2018-04-23 14:55:09 6804 [Note] InnoDB: Restoring possible half-written data pages from the doublewrite buffer...
2018-04-23 14:55:09 6804 [Note] InnoDB: 128 rollback segment(s) are active.
2018-04-23 14:55:09 6804 [Note] InnoDB: Waiting for purge to start
2018-04-23 14:55:09 6804 [Note] InnoDB:  Percona XtraDB (http://www.percona.com) 5.6.36-82.2 started; log sequence number 1835548
2018-04-23 14:55:09 12260 [Note] InnoDB: Dumping buffer pool(s) not yet started
2018-04-23 14:55:09 6804 [Note] Plugin 'FEEDBACK' is disabled.
2018-04-23 14:55:09 6804 [Note] Server socket created on IP: '::'.
2018-04-23 14:55:09 6804 [Note] c:\xampp\mysql\bin\mysqld.exe: ready for connections.
Version: '10.1.29-MariaDB'  socket: ''  port: 3306  mariadb.org binary distribution
2018-04-26 15:47:20 2e2c InnoDB: Warning: Using innodb_additional_mem_pool_size is DEPRECATED. This option may be removed in future releases, together with the option innodb_use_sys_malloc and with the InnoDB's internal memory allocator.
2018-04-26 15:47:20 11820 [Note] InnoDB: innodb_empty_free_list_algorithm has been changed to legacy because of small buffer pool size. In order to use backoff, increase buffer pool at least up to 20MB.

2018-04-26 15:47:20 11820 [Note] InnoDB: Using mutexes to ref count buffer pool pages
2018-04-26 15:47:20 11820 [Note] InnoDB: The InnoDB memory heap is disabled
2018-04-26 15:47:20 11820 [Note] InnoDB: Mutexes and rw_locks use Windows interlocked functions
2018-04-26 15:47:20 11820 [Note] InnoDB: _mm_lfence() and _mm_sfence() are used for memory barrier
2018-04-26 15:47:20 11820 [Note] InnoDB: Compressed tables use zlib 1.2.3
2018-04-26 15:47:20 11820 [Note] InnoDB: Using generic crc32 instructions
2018-04-26 15:47:20 11820 [Note] InnoDB: Initializing buffer pool, size = 16.0M
2018-04-26 15:47:20 11820 [Note] InnoDB: Completed initialization of buffer pool
2018-04-26 15:47:21 11820 [Note] InnoDB: Highest supported file format is Barracuda.
2018-04-26 15:47:21 11820 [Note] InnoDB: The log sequence number 1835037 in ibdata file do not match the log sequence number 1840154 in the ib_logfiles!
2018-04-26 15:47:21 11820 [Note] InnoDB: Restoring possible half-written data pages from the doublewrite buffer...
2018-04-26 15:47:21 11820 [Note] InnoDB: 128 rollback segment(s) are active.
2018-04-26 15:47:21 11820 [Note] InnoDB: Waiting for purge to start
2018-04-26 15:47:21 11820 [Note] InnoDB:  Percona XtraDB (http://www.percona.com) 5.6.36-82.2 started; log sequence number 1840154
2018-04-26 15:47:21 11048 [Note] InnoDB: Dumping buffer pool(s) not yet started
2018-04-26 15:47:21 11820 [Note] Plugin 'FEEDBACK' is disabled.
2018-04-26 15:47:21 11820 [Note] Server socket created on IP: '::'.
2018-04-26 15:47:21 11820 [Note] c:\xampp\mysql\bin\mysqld.exe: ready for connections.
Version: '10.1.29-MariaDB'  socket: ''  port: 3306  mariadb.org binary distribution
2018-04-27 20:49:49 2b04 InnoDB: Warning: Using innodb_additional_mem_pool_size is DEPRECATED. This option may be removed in future releases, together with the option innodb_use_sys_malloc and with the InnoDB's internal memory allocator.
2018-04-27 20:49:49 11012 [Note] InnoDB: innodb_empty_free_list_algorithm has been changed to legacy because of small buffer pool size. In order to use backoff, increase buffer pool at least up to 20MB.

2018-04-27 20:49:49 11012 [Note] InnoDB: Using mutexes to ref count buffer pool pages
2018-04-27 20:49:49 11012 [Note] InnoDB: The InnoDB memory heap is disabled
2018-04-27 20:49:49 11012 [Note] InnoDB: Mutexes and rw_locks use Windows interlocked functions
2018-04-27 20:49:49 11012 [Note] InnoDB: _mm_lfence() and _mm_sfence() are used for memory barrier
2018-04-27 20:49:49 11012 [Note] InnoDB: Compressed tables use zlib 1.2.3
2018-04-27 20:49:49 11012 [Note] InnoDB: Using generic crc32 instructions
2018-04-27 20:49:49 11012 [Note] InnoDB: Initializing buffer pool, size = 16.0M
2018-04-27 20:49:49 11012 [Note] InnoDB: Completed initialization of buffer pool
2018-04-27 20:49:49 11012 [Note] InnoDB: Highest supported file format is Barracuda.
2018-04-27 20:49:49 11012 [Note] InnoDB: The log sequence number 1835037 in ibdata file do not match the log sequence number 1840164 in the ib_logfiles!
2018-04-27 20:49:49 11012 [Note] InnoDB: Restoring possible half-written data pages from the doublewrite buffer...
2018-04-27 20:49:49 11012 [Note] InnoDB: 128 rollback segment(s) are active.
2018-04-27 20:49:49 11012 [Note] InnoDB: Waiting for purge to start
2018-04-27 20:49:49 11012 [Note] InnoDB:  Percona XtraDB (http://www.percona.com) 5.6.36-82.2 started; log sequence number 1840164
2018-04-27 20:49:49 10288 [Note] InnoDB: Dumping buffer pool(s) not yet started
2018-04-27 20:49:49 11012 [Note] Plugin 'FEEDBACK' is disabled.
2018-04-27 20:49:49 11012 [Note] Server socket created on IP: '::'.
2018-04-27 20:49:49 11012 [Note] c:\xampp\mysql\bin\mysqld.exe: ready for connections.
Version: '10.1.29-MariaDB'  socket: ''  port: 3306  mariadb.org binary distribution
2018-04-28 03:20:11 2870 InnoDB: Warning: Using innodb_additional_mem_pool_size is DEPRECATED. This option may be removed in future releases, together with the option innodb_use_sys_malloc and with the InnoDB's internal memory allocator.
2018-04-28  3:20:11 10352 [Note] InnoDB: innodb_empty_free_list_algorithm has been changed to legacy because of small buffer pool size. In order to use backoff, increase buffer pool at least up to 20MB.

2018-04-28  3:20:11 10352 [Note] InnoDB: Using mutexes to ref count buffer pool pages
2018-04-28  3:20:11 10352 [Note] InnoDB: The InnoDB memory heap is disabled
2018-04-28  3:20:11 10352 [Note] InnoDB: Mutexes and rw_locks use Windows interlocked functions
2018-04-28  3:20:11 10352 [Note] InnoDB: _mm_lfence() and _mm_sfence() are used for memory barrier
2018-04-28  3:20:11 10352 [Note] InnoDB: Compressed tables use zlib 1.2.3
2018-04-28  3:20:11 10352 [Note] InnoDB: Using generic crc32 instructions
2018-04-28  3:20:11 10352 [Note] InnoDB: Initializing buffer pool, size = 16.0M
2018-04-28  3:20:11 10352 [Note] InnoDB: Completed initialization of buffer pool
2018-04-28  3:20:11 10352 [Note] InnoDB: Highest supported file format is Barracuda.
2018-04-28  3:20:11 10352 [Note] InnoDB: The log sequence number 1835037 in ibdata file do not match the log sequence number 1912881 in the ib_logfiles!
2018-04-28  3:20:11 10352 [Note] InnoDB: Restoring possible half-written data pages from the doublewrite buffer...
2018-04-28  3:20:11 10352 [Note] InnoDB: 128 rollback segment(s) are active.
2018-04-28  3:20:11 10352 [Note] InnoDB: Waiting for purge to start
2018-04-28  3:20:12 10352 [Note] InnoDB:  Percona XtraDB (http://www.percona.com) 5.6.36-82.2 started; log sequence number 1912881
2018-04-28  3:20:12 6368 [Note] InnoDB: Dumping buffer pool(s) not yet started
2018-04-28  3:20:12 10352 [Note] Plugin 'FEEDBACK' is disabled.
2018-04-28  3:20:12 10352 [Note] Server socket created on IP: '::'.
2018-04-28  3:20:12 10352 [Note] c:\xampp\mysql\bin\mysqld.exe: ready for connections.
Version: '10.1.29-MariaDB'  socket: ''  port: 3306  mariadb.org binary distribution
2018-04-28 15:25:58 c1c InnoDB: Warning: Using innodb_additional_mem_pool_size is DEPRECATED. This option may be removed in future releases, together with the option innodb_use_sys_malloc and with the InnoDB's internal memory allocator.
2018-04-28 15:25:58 3100 [Note] InnoDB: innodb_empty_free_list_algorithm has been changed to legacy because of small buffer pool size. In order to use backoff, increase buffer pool at least up to 20MB.

2018-04-28 15:25:58 3100 [Note] InnoDB: Using mutexes to ref count buffer pool pages
2018-04-28 15:25:58 3100 [Note] InnoDB: The InnoDB memory heap is disabled
2018-04-28 15:25:58 3100 [Note] InnoDB: Mutexes and rw_locks use Windows interlocked functions
2018-04-28 15:25:58 3100 [Note] InnoDB: _mm_lfence() and _mm_sfence() are used for memory barrier
2018-04-28 15:25:58 3100 [Note] InnoDB: Compressed tables use zlib 1.2.3
2018-04-28 15:25:58 3100 [Note] InnoDB: Using generic crc32 instructions
2018-04-28 15:25:58 3100 [Note] InnoDB: Initializing buffer pool, size = 16.0M
2018-04-28 15:25:58 3100 [Note] InnoDB: Completed initialization of buffer pool
2018-04-28 15:25:58 3100 [Note] InnoDB: Highest supported file format is Barracuda.
2018-04-28 15:25:58 3100 [Note] InnoDB: The log sequence number 1835037 in ibdata file do not match the log sequence number 1912891 in the ib_logfiles!
2018-04-28 15:25:58 3100 [Note] InnoDB: Restoring possible half-written data pages from the doublewrite buffer...
2018-04-28 15:25:58 3100 [Note] InnoDB: 128 rollback segment(s) are active.
2018-04-28 15:25:58 3100 [Note] InnoDB: Waiting for purge to start
2018-04-28 15:25:58 3100 [Note] InnoDB:  Percona XtraDB (http://www.percona.com) 5.6.36-82.2 started; log sequence number 1912891
2018-04-28 15:25:58 1600 [Note] InnoDB: Dumping buffer pool(s) not yet started
2018-04-28 15:25:58 3100 [Note] Plugin 'FEEDBACK' is disabled.
2018-04-28 15:25:58 3100 [Note] Server socket created on IP: '::'.
2018-04-28 15:25:58 3100 [Note] c:\xampp\mysql\bin\mysqld.exe: ready for connections.
Version: '10.1.29-MariaDB'  socket: ''  port: 3306  mariadb.org binary distribution
2018-04-29 22:16:18 21f8 InnoDB: Warning: Using innodb_additional_mem_pool_size is DEPRECATED. This option may be removed in future releases, together with the option innodb_use_sys_malloc and with the InnoDB's internal memory allocator.
2018-04-29 22:16:18 8696 [Note] InnoDB: innodb_empty_free_list_algorithm has been changed to legacy because of small buffer pool size. In order to use backoff, increase buffer pool at least up to 20MB.

2018-04-29 22:16:18 8696 [Note] InnoDB: Using mutexes to ref count buffer pool pages
2018-04-29 22:16:18 8696 [Note] InnoDB: The InnoDB memory heap is disabled
2018-04-29 22:16:18 8696 [Note] InnoDB: Mutexes and rw_locks use Windows interlocked functions
2018-04-29 22:16:18 8696 [Note] InnoDB: _mm_lfence() and _mm_sfence() are used for memory barrier
2018-04-29 22:16:18 8696 [Note] InnoDB: Compressed tables use zlib 1.2.3
2018-04-29 22:16:18 8696 [Note] InnoDB: Using generic crc32 instructions
2018-04-29 22:16:18 8696 [Note] InnoDB: Initializing buffer pool, size = 16.0M
2018-04-29 22:16:18 8696 [Note] InnoDB: Completed initialization of buffer pool
2018-04-29 22:16:18 8696 [Note] InnoDB: Highest supported file format is Barracuda.
2018-04-29 22:16:18 8696 [Note] InnoDB: The log sequence number 1835037 in ibdata file do not match the log sequence number 1913112 in the ib_logfiles!
2018-04-29 22:16:18 8696 [Note] InnoDB: Restoring possible half-written data pages from the doublewrite buffer...
2018-04-29 22:16:18 8696 [Note] InnoDB: 128 rollback segment(s) are active.
2018-04-29 22:16:18 8696 [Note] InnoDB: Waiting for purge to start
2018-04-29 22:16:18 8696 [Note] InnoDB:  Percona XtraDB (http://www.percona.com) 5.6.36-82.2 started; log sequence number 1913112
2018-04-29 22:16:18 5548 [Note] InnoDB: Dumping buffer pool(s) not yet started
2018-04-29 22:16:18 8696 [Note] Plugin 'FEEDBACK' is disabled.
2018-04-29 22:16:18 8696 [Note] Server socket created on IP: '::'.
2018-04-29 22:16:18 8696 [Note] c:\xampp\mysql\bin\mysqld.exe: ready for connections.
Version: '10.1.29-MariaDB'  socket: ''  port: 3306  mariadb.org binary distribution
2018-04-30 17:34:36 c10 InnoDB: Warning: Using innodb_additional_mem_pool_size is DEPRECATED. This option may be removed in future releases, together with the option innodb_use_sys_malloc and with the InnoDB's internal memory allocator.
2018-04-30 17:34:36 3088 [Note] InnoDB: innodb_empty_free_list_algorithm has been changed to legacy because of small buffer pool size. In order to use backoff, increase buffer pool at least up to 20MB.

2018-04-30 17:34:36 3088 [Note] InnoDB: Using mutexes to ref count buffer pool pages
2018-04-30 17:34:36 3088 [Note] InnoDB: The InnoDB memory heap is disabled
2018-04-30 17:34:36 3088 [Note] InnoDB: Mutexes and rw_locks use Windows interlocked functions
2018-04-30 17:34:36 3088 [Note] InnoDB: _mm_lfence() and _mm_sfence() are used for memory barrier
2018-04-30 17:34:36 3088 [Note] InnoDB: Compressed tables use zlib 1.2.3
2018-04-30 17:34:36 3088 [Note] InnoDB: Using generic crc32 instructions
2018-04-30 17:34:36 3088 [Note] InnoDB: Initializing buffer pool, size = 16.0M
2018-04-30 17:34:36 3088 [Note] InnoDB: Completed initialization of buffer pool
2018-04-30 17:34:36 3088 [Note] InnoDB: Highest supported file format is Barracuda.
2018-04-30 17:34:36 3088 [Note] InnoDB: The log sequence number 1835037 in ibdata file do not match the log sequence number 1914088 in the ib_logfiles!
2018-04-30 17:34:36 3088 [Note] InnoDB: Restoring possible half-written data pages from the doublewrite buffer...
2018-04-30 17:34:36 3088 [Note] InnoDB: 128 rollback segment(s) are active.
2018-04-30 17:34:36 3088 [Note] InnoDB: Waiting for purge to start
2018-04-30 17:34:36 3088 [Note] InnoDB:  Percona XtraDB (http://www.percona.com) 5.6.36-82.2 started; log sequence number 1914088
2018-04-30 17:34:36 5144 [Note] InnoDB: Dumping buffer pool(s) not yet started
2018-04-30 17:34:36 3088 [Note] Plugin 'FEEDBACK' is disabled.
2018-04-30 17:34:36 3088 [Note] Server socket created on IP: '::'.
2018-04-30 17:34:36 3088 [Note] c:\xampp\mysql\bin\mysqld.exe: ready for connections.
Version: '10.1.29-MariaDB'  socket: ''  port: 3306  mariadb.org binary distribution
2018-05-01 03:19:05 20c8 InnoDB: Warning: Using innodb_additional_mem_pool_size is DEPRECATED. This option may be removed in future releases, together with the option innodb_use_sys_malloc and with the InnoDB's internal memory allocator.
2018-05-01  3:19:05 8392 [Note] InnoDB: innodb_empty_free_list_algorithm has been changed to legacy because of small buffer pool size. In order to use backoff, increase buffer pool at least up to 20MB.

2018-05-01  3:19:05 8392 [Note] InnoDB: Using mutexes to ref count buffer pool pages
2018-05-01  3:19:05 8392 [Note] InnoDB: The InnoDB memory heap is disabled
2018-05-01  3:19:05 8392 [Note] InnoDB: Mutexes and rw_locks use Windows interlocked functions
2018-05-01  3:19:05 8392 [Note] InnoDB: _mm_lfence() and _mm_sfence() are used for memory barrier
2018-05-01  3:19:05 8392 [Note] InnoDB: Compressed tables use zlib 1.2.3
2018-05-01  3:19:05 8392 [Note] InnoDB: Using generic crc32 instructions
2018-05-01  3:19:05 8392 [Note] InnoDB: Initializing buffer pool, size = 16.0M
2018-05-01  3:19:05 8392 [Note] InnoDB: Completed initialization of buffer pool
2018-05-01  3:19:05 8392 [Note] InnoDB: Highest supported file format is Barracuda.
2018-05-01  3:19:05 8392 [Note] InnoDB: The log sequence number 1835037 in ibdata file do not match the log sequence number 1931574 in the ib_logfiles!
2018-05-01  3:19:05 8392 [Note] InnoDB: Restoring possible half-written data pages from the doublewrite buffer...
2018-05-01  3:19:05 8392 [Note] InnoDB: 128 rollback segment(s) are active.
2018-05-01  3:19:05 8392 [Note] InnoDB: Waiting for purge to start
2018-05-01  3:19:05 8392 [Note] InnoDB:  Percona XtraDB (http://www.percona.com) 5.6.36-82.2 started; log sequence number 1931574
2018-05-01  3:19:05 8432 [Note] InnoDB: Dumping buffer pool(s) not yet started
2018-05-01  3:19:05 8392 [Note] Plugin 'FEEDBACK' is disabled.
2018-05-01  3:19:05 8392 [Note] Server socket created on IP: '::'.
2018-05-01  3:19:05 8392 [Note] c:\xampp\mysql\bin\mysqld.exe: ready for connections.
Version: '10.1.29-MariaDB'  socket: ''  port: 3306  mariadb.org binary distribution
2018-05-01 14:29:52 d78 InnoDB: Warning: Using innodb_additional_mem_pool_size is DEPRECATED. This option may be removed in future releases, together with the option innodb_use_sys_malloc and with the InnoDB's internal memory allocator.
2018-05-01 14:29:52 3448 [Note] InnoDB: innodb_empty_free_list_algorithm has been changed to legacy because of small buffer pool size. In order to use backoff, increase buffer pool at least up to 20MB.

2018-05-01 14:29:52 3448 [Note] InnoDB: Using mutexes to ref count buffer pool pages
2018-05-01 14:29:52 3448 [Note] InnoDB: The InnoDB memory heap is disabled
2018-05-01 14:29:52 3448 [Note] InnoDB: Mutexes and rw_locks use Windows interlocked functions
2018-05-01 14:29:52 3448 [Note] InnoDB: _mm_lfence() and _mm_sfence() are used for memory barrier
2018-05-01 14:29:52 3448 [Note] InnoDB: Compressed tables use zlib 1.2.3
2018-05-01 14:29:52 3448 [Note] InnoDB: Using generic crc32 instructions
2018-05-01 14:29:52 3448 [Note] InnoDB: Initializing buffer pool, size = 16.0M
2018-05-01 14:29:52 3448 [Note] InnoDB: Completed initialization of buffer pool
2018-05-01 14:29:52 3448 [Note] InnoDB: Highest supported file format is Barracuda.
2018-05-01 14:29:52 3448 [Note] InnoDB: The log sequence number 1835037 in ibdata file do not match the log sequence number 2029134 in the ib_logfiles!
2018-05-01 14:29:52 3448 [Note] InnoDB: Restoring possible half-written data pages from the doublewrite buffer...
2018-05-01 14:29:53 3448 [Note] InnoDB: 128 rollback segment(s) are active.
2018-05-01 14:29:53 3448 [Note] InnoDB: Waiting for purge to start
2018-05-01 14:29:53 3448 [Note] InnoDB:  Percona XtraDB (http://www.percona.com) 5.6.36-82.2 started; log sequence number 2029134
2018-05-01 14:29:53 1404 [Note] InnoDB: Dumping buffer pool(s) not yet started
2018-05-01 14:29:53 3448 [Note] Plugin 'FEEDBACK' is disabled.
2018-05-01 14:29:53 3448 [Note] Server socket created on IP: '::'.
2018-05-01 14:29:53 3448 [Note] c:\xampp\mysql\bin\mysqld.exe: ready for connections.
Version: '10.1.29-MariaDB'  socket: ''  port: 3306  mariadb.org binary distribution
2018-05-03 19:23:59 638 InnoDB: Warning: Using innodb_additional_mem_pool_size is DEPRECATED. This option may be removed in future releases, together with the option innodb_use_sys_malloc and with the InnoDB's internal memory allocator.
2018-05-03 19:23:59 1592 [Note] InnoDB: innodb_empty_free_list_algorithm has been changed to legacy because of small buffer pool size. In order to use backoff, increase buffer pool at least up to 20MB.

2018-05-03 19:23:59 1592 [Note] InnoDB: Using mutexes to ref count buffer pool pages
2018-05-03 19:23:59 1592 [Note] InnoDB: The InnoDB memory heap is disabled
2018-05-03 19:23:59 1592 [Note] InnoDB: Mutexes and rw_locks use Windows interlocked functions
2018-05-03 19:23:59 1592 [Note] InnoDB: _mm_lfence() and _mm_sfence() are used for memory barrier
2018-05-03 19:23:59 1592 [Note] InnoDB: Compressed tables use zlib 1.2.3
2018-05-03 19:23:59 1592 [Note] InnoDB: Using generic crc32 instructions
2018-05-03 19:23:59 1592 [Note] InnoDB: Initializing buffer pool, size = 16.0M
2018-05-03 19:23:59 1592 [Note] InnoDB: Completed initialization of buffer pool
2018-05-03 19:23:59 1592 [Note] InnoDB: Highest supported file format is Barracuda.
2018-05-03 19:23:59 1592 [Note] InnoDB: The log sequence number 1835037 in ibdata file do not match the log sequence number 2030107 in the ib_logfiles!
2018-05-03 19:23:59 1592 [Note] InnoDB: Restoring possible half-written data pages from the doublewrite buffer...
2018-05-03 19:24:00 1592 [Note] InnoDB: 128 rollback segment(s) are active.
2018-05-03 19:24:00 1592 [Note] InnoDB: Waiting for purge to start
2018-05-03 19:24:00 1592 [Note] InnoDB:  Percona XtraDB (http://www.percona.com) 5.6.36-82.2 started; log sequence number 2030107
2018-05-03 19:24:00 3452 [Note] InnoDB: Dumping buffer pool(s) not yet started
2018-05-03 19:24:00 1592 [Note] Plugin 'FEEDBACK' is disabled.
2018-05-03 19:24:00 1592 [Note] Server socket created on IP: '::'.
2018-05-03 19:24:00 1592 [Note] c:\xampp\mysql\bin\mysqld.exe: ready for connections.
Version: '10.1.29-MariaDB'  socket: ''  port: 3306  mariadb.org binary distribution
2018-05-04 01:45:39 24d8 InnoDB: Warning: Using innodb_additional_mem_pool_size is DEPRECATED. This option may be removed in future releases, together with the option innodb_use_sys_malloc and with the InnoDB's internal memory allocator.
2018-05-04  1:45:39 9432 [Note] InnoDB: innodb_empty_free_list_algorithm has been changed to legacy because of small buffer pool size. In order to use backoff, increase buffer pool at least up to 20MB.

2018-05-04  1:45:39 9432 [Note] InnoDB: Using mutexes to ref count buffer pool pages
2018-05-04  1:45:39 9432 [Note] InnoDB: The InnoDB memory heap is disabled
2018-05-04  1:45:39 9432 [Note] InnoDB: Mutexes and rw_locks use Windows interlocked functions
2018-05-04  1:45:39 9432 [Note] InnoDB: _mm_lfence() and _mm_sfence() are used for memory barrier
2018-05-04  1:45:39 9432 [Note] InnoDB: Compressed tables use zlib 1.2.3
2018-05-04  1:45:39 9432 [Note] InnoDB: Using generic crc32 instructions
2018-05-04  1:45:39 9432 [Note] InnoDB: Initializing buffer pool, size = 16.0M
2018-05-04  1:45:39 9432 [Note] InnoDB: Completed initialization of buffer pool
2018-05-04  1:45:39 9432 [Note] InnoDB: Highest supported file format is Barracuda.
2018-05-04  1:45:39 9432 [Note] InnoDB: The log sequence number 1835037 in ibdata file do not match the log sequence number 2034865 in the ib_logfiles!
2018-05-04  1:45:39 9432 [Note] InnoDB: Restoring possible half-written data pages from the doublewrite buffer...
2018-05-04  1:45:39 9432 [Note] InnoDB: 128 rollback segment(s) are active.
2018-05-04  1:45:39 9432 [Note] InnoDB: Waiting for purge to start
2018-05-04  1:45:39 9432 [Note] InnoDB:  Percona XtraDB (http://www.percona.com) 5.6.36-82.2 started; log sequence number 2034865
2018-05-04  1:45:39 4232 [Note] InnoDB: Dumping buffer pool(s) not yet started
2018-05-04  1:45:39 9432 [Note] Plugin 'FEEDBACK' is disabled.
2018-05-04  1:45:39 9432 [Note] Server socket created on IP: '::'.
2018-05-04  1:45:39 9432 [Note] c:\xampp\mysql\bin\mysqld.exe: ready for connections.
Version: '10.1.29-MariaDB'  socket: ''  port: 3306  mariadb.org binary distribution
2018-05-05 01:42:49 14f4 InnoDB: Warning: Using innodb_additional_mem_pool_size is DEPRECATED. This option may be removed in future releases, together with the option innodb_use_sys_malloc and with the InnoDB's internal memory allocator.
2018-05-05  1:42:49 5364 [Note] InnoDB: innodb_empty_free_list_algorithm has been changed to legacy because of small buffer pool size. In order to use backoff, increase buffer pool at least up to 20MB.

2018-05-05  1:42:49 5364 [Note] InnoDB: Using mutexes to ref count buffer pool pages
2018-05-05  1:42:49 5364 [Note] InnoDB: The InnoDB memory heap is disabled
2018-05-05  1:42:49 5364 [Note] InnoDB: Mutexes and rw_locks use Windows interlocked functions
2018-05-05  1:42:49 5364 [Note] InnoDB: _mm_lfence() and _mm_sfence() are used for memory barrier
2018-05-05  1:42:49 5364 [Note] InnoDB: Compressed tables use zlib 1.2.3
2018-05-05  1:42:49 5364 [Note] InnoDB: Using generic crc32 instructions
2018-05-05  1:42:49 5364 [Note] InnoDB: Initializing buffer pool, size = 16.0M
2018-05-05  1:42:49 5364 [Note] InnoDB: Completed initialization of buffer pool
2018-05-05  1:42:49 5364 [Note] InnoDB: Highest supported file format is Barracuda.
2018-05-05  1:42:49 5364 [Note] InnoDB: The log sequence number 1835037 in ibdata file do not match the log sequence number 2037981 in the ib_logfiles!
2018-05-05  1:42:49 5364 [Note] InnoDB: Restoring possible half-written data pages from the doublewrite buffer...
2018-05-05  1:42:49 5364 [Note] InnoDB: 128 rollback segment(s) are active.
2018-05-05  1:42:49 5364 [Note] InnoDB: Waiting for purge to start
2018-05-05  1:42:49 5364 [Note] InnoDB:  Percona XtraDB (http://www.percona.com) 5.6.36-82.2 started; log sequence number 2037981
2018-05-05  1:42:49 9624 [Note] InnoDB: Dumping buffer pool(s) not yet started
2018-05-05  1:42:49 5364 [Note] Plugin 'FEEDBACK' is disabled.
2018-05-05  1:42:49 5364 [Note] Server socket created on IP: '::'.
2018-05-05  1:42:49 5364 [Note] c:\xampp\mysql\bin\mysqld.exe: ready for connections.
Version: '10.1.29-MariaDB'  socket: ''  port: 3306  mariadb.org binary distribution
2018-05-05 12:18:18 23b4 InnoDB: Warning: Using innodb_additional_mem_pool_size is DEPRECATED. This option may be removed in future releases, together with the option innodb_use_sys_malloc and with the InnoDB's internal memory allocator.
2018-05-05 12:18:18 9140 [Note] InnoDB: innodb_empty_free_list_algorithm has been changed to legacy because of small buffer pool size. In order to use backoff, increase buffer pool at least up to 20MB.

2018-05-05 12:18:18 9140 [Note] InnoDB: Using mutexes to ref count buffer pool pages
2018-05-05 12:18:18 9140 [Note] InnoDB: The InnoDB memory heap is disabled
2018-05-05 12:18:18 9140 [Note] InnoDB: Mutexes and rw_locks use Windows interlocked functions
2018-05-05 12:18:18 9140 [Note] InnoDB: _mm_lfence() and _mm_sfence() are used for memory barrier
2018-05-05 12:18:18 9140 [Note] InnoDB: Compressed tables use zlib 1.2.3
2018-05-05 12:18:18 9140 [Note] InnoDB: Using generic crc32 instructions
2018-05-05 12:18:18 9140 [Note] InnoDB: Initializing buffer pool, size = 16.0M
2018-05-05 12:18:18 9140 [Note] InnoDB: Completed initialization of buffer pool
2018-05-05 12:18:18 9140 [Note] InnoDB: Highest supported file format is Barracuda.
2018-05-05 12:18:18 9140 [Note] InnoDB: The log sequence number 1835037 in ibdata file do not match the log sequence number 2038210 in the ib_logfiles!
2018-05-05 12:18:18 9140 [Note] InnoDB: Restoring possible half-written data pages from the doublewrite buffer...
2018-05-05 12:18:18 9140 [Note] InnoDB: 128 rollback segment(s) are active.
2018-05-05 12:18:18 9140 [Note] InnoDB: Waiting for purge to start
2018-05-05 12:18:18 9140 [Note] InnoDB:  Percona XtraDB (http://www.percona.com) 5.6.36-82.2 started; log sequence number 2038210
2018-05-05 12:18:18 9060 [Note] InnoDB: Dumping buffer pool(s) not yet started
2018-05-05 12:18:18 9140 [Note] Plugin 'FEEDBACK' is disabled.
2018-05-05 12:18:18 9140 [Note] Server socket created on IP: '::'.
2018-05-05 12:18:18 9140 [Note] c:\xampp\mysql\bin\mysqld.exe: ready for connections.
Version: '10.1.29-MariaDB'  socket: ''  port: 3306  mariadb.org binary distribution
2018-05-05 15:37:56 1ba0 InnoDB: Warning: Using innodb_additional_mem_pool_size is DEPRECATED. This option may be removed in future releases, together with the option innodb_use_sys_malloc and with the InnoDB's internal memory allocator.
2018-05-05 15:37:56 7072 [Note] InnoDB: innodb_empty_free_list_algorithm has been changed to legacy because of small buffer pool size. In order to use backoff, increase buffer pool at least up to 20MB.

2018-05-05 15:37:56 7072 [Note] InnoDB: Using mutexes to ref count buffer pool pages
2018-05-05 15:37:56 7072 [Note] InnoDB: The InnoDB memory heap is disabled
2018-05-05 15:37:56 7072 [Note] InnoDB: Mutexes and rw_locks use Windows interlocked functions
2018-05-05 15:37:56 7072 [Note] InnoDB: _mm_lfence() and _mm_sfence() are used for memory barrier
2018-05-05 15:37:56 7072 [Note] InnoDB: Compressed tables use zlib 1.2.3
2018-05-05 15:37:56 7072 [Note] InnoDB: Using generic crc32 instructions
2018-05-05 15:37:56 7072 [Note] InnoDB: Initializing buffer pool, size = 16.0M
2018-05-05 15:37:56 7072 [Note] InnoDB: Completed initialization of buffer pool
2018-05-05 15:37:56 7072 [Note] InnoDB: Highest supported file format is Barracuda.
2018-05-05 15:37:56 7072 [Note] InnoDB: The log sequence number 1835037 in ibdata file do not match the log sequence number 2039415 in the ib_logfiles!
2018-05-05 15:37:56 7072 [Note] InnoDB: Restoring possible half-written data pages from the doublewrite buffer...
2018-05-05 15:37:56 7072 [Note] InnoDB: 128 rollback segment(s) are active.
2018-05-05 15:37:56 7072 [Note] InnoDB: Waiting for purge to start
2018-05-05 15:37:56 7072 [Note] InnoDB:  Percona XtraDB (http://www.percona.com) 5.6.36-82.2 started; log sequence number 2039415
2018-05-05 15:37:56 7564 [Note] InnoDB: Dumping buffer pool(s) not yet started
2018-05-05 15:37:56 7072 [Note] Plugin 'FEEDBACK' is disabled.
2018-05-05 15:37:56 7072 [Note] Server socket created on IP: '::'.
2018-05-05 15:37:56 7072 [Note] c:\xampp\mysql\bin\mysqld.exe: ready for connections.
Version: '10.1.29-MariaDB'  socket: ''  port: 3306  mariadb.org binary distribution
2018-05-08 16:50:44 548 InnoDB: Warning: Using innodb_additional_mem_pool_size is DEPRECATED. This option may be removed in future releases, together with the option innodb_use_sys_malloc and with the InnoDB's internal memory allocator.
2018-05-08 16:50:44 1352 [Note] InnoDB: innodb_empty_free_list_algorithm has been changed to legacy because of small buffer pool size. In order to use backoff, increase buffer pool at least up to 20MB.

2018-05-08 16:50:44 1352 [Note] InnoDB: Using mutexes to ref count buffer pool pages
2018-05-08 16:50:44 1352 [Note] InnoDB: The InnoDB memory heap is disabled
2018-05-08 16:50:44 1352 [Note] InnoDB: Mutexes and rw_locks use Windows interlocked functions
2018-05-08 16:50:44 1352 [Note] InnoDB: _mm_lfence() and _mm_sfence() are used for memory barrier
2018-05-08 16:50:44 1352 [Note] InnoDB: Compressed tables use zlib 1.2.3
2018-05-08 16:50:44 1352 [Note] InnoDB: Using generic crc32 instructions
2018-05-08 16:50:44 1352 [Note] InnoDB: Initializing buffer pool, size = 16.0M
2018-05-08 16:50:44 1352 [Note] InnoDB: Completed initialization of buffer pool
2018-05-08 16:50:44 1352 [Note] InnoDB: Highest supported file format is Barracuda.
2018-05-08 16:50:44 1352 [Note] InnoDB: The log sequence number 1835037 in ibdata file do not match the log sequence number 2039425 in the ib_logfiles!
2018-05-08 16:50:44 1352 [Note] InnoDB: Restoring possible half-written data pages from the doublewrite buffer...
2018-05-08 16:50:44 1352 [Note] InnoDB: 128 rollback segment(s) are active.
2018-05-08 16:50:44 1352 [Note] InnoDB: Waiting for purge to start
2018-05-08 16:50:44 1352 [Note] InnoDB:  Percona XtraDB (http://www.percona.com) 5.6.36-82.2 started; log sequence number 2039425
2018-05-08 16:50:44 2448 [Note] InnoDB: Dumping buffer pool(s) not yet started
2018-05-08 16:50:44 1352 [Note] Plugin 'FEEDBACK' is disabled.
2018-05-08 16:50:44 1352 [Note] Server socket created on IP: '::'.
2018-05-08 16:50:44 1352 [Note] c:\xampp\mysql\bin\mysqld.exe: ready for connections.
Version: '10.1.29-MariaDB'  socket: ''  port: 3306  mariadb.org binary distribution
